<?xml version="1.0" encoding="UTF-8" ?>
<testsuite tests="29" failures="0" name="runner.bean.cucumberframework.TestRunner" time="1.162" errors="0" skipped="0">
  <properties>
[...]
</properties>
  <testcase classname="| invoicecreator@smoke.bean | pwd | invoice |" name="Given user is on signinPage" time="0.002"/>
  <testcase classname="| invoicecreator@smoke.bean | pwd | invoice |" name="When user enters &quot;invoicecreator@smoke.bean&quot; and &quot;pwd&quot;" time="0"/>
  <testcase classname="| invoicecreator@smoke.bean | pwd | invoice |" name="Then user logins to &quot;invoice&quot; successfully" time="0"/>
  <testcase classname="| invoicecreator@smoke.bean | pwd | invoice |" name="And user can logout successfully" time="0"/>
  <testcase classname="| invoicecreator@smoke.bean | pwd | invoice |" name="| invoicecreator@smoke.bean | pwd | invoice |" time="0.129"/>
  <testcase classname="| pocreator@smoke.bean | pwd | purchaseorder |" name="Given user is on signinPage" time="0"/>
  <testcase classname="| pocreator@smoke.bean | pwd | purchaseorder |" name="When user enters &quot;pocreator@smoke.bean&quot; and &quot;pwd&quot;" time="0"/>
  <testcase classname="| pocreator@smoke.bean | pwd | purchaseorder |" name="Then user logins to &quot;purchaseorder&quot; successfully" time="0"/>
  <testcase classname="| pocreator@smoke.bean | pwd | purchaseorder |" name="And user can logout successfully" time="0"/>
  <testcase classname="| pocreator@smoke.bean | pwd | purchaseorder |" name="| pocreator@smoke.bean | pwd | purchaseorder |" time="0.129"/>
  <testcase classname="| paymentcreator@smoke.bean | pwd | payment |" name="Given user is on signinPage" time="0"/>
  <testcase classname="| paymentcreator@smoke.bean | pwd | payment |" name="When user enters &quot;paymentcreator@smoke.bean&quot; and &quot;pwd&quot;" time="0"/>
  <testcase classname="| paymentcreator@smoke.bean | pwd | payment |" name="Then user logins to &quot;payment&quot; successfully" time="0"/>
  <testcase classname="| paymentcreator@smoke.bean | pwd | payment |" name="And user can logout successfully" time="0"/>
  <testcase classname="| paymentcreator@smoke.bean | pwd | payment |" name="| paymentcreator@smoke.bean | pwd | payment |" time="0.138"/>
  <testcase classname="Scenario: Purchase Order Creator should be able to create PO" name="Given user is on homepage" time="0"/>
  <testcase classname="Scenario: Purchase Order Creator should be able to create PO" name="Given user enters his credentials" time="0"/>
  <testcase classname="Scenario: Purchase Order Creator should be able to create PO" name="And user has successfully login" time="0"/>
  <testcase classname="Scenario: Purchase Order Creator should be able to create PO" name="And user is on Purchase Order creation page" time="0"/>
  <testcase classname="Scenario: Purchase Order Creator should be able to create PO" name="When user selects legalentity &quot;US_NO_MULTI_CURRENCY&quot;" time="0"/>
  <testcase classname="Scenario: Purchase Order Creator should be able to create PO" name="And user selects vendor &quot;Books by Bessie&quot;" time="0"/>
  <testcase classname="Scenario: Purchase Order Creator should be able to create PO" name="And user enters &quot;Cucumber Test&quot; under header description" time="0"/>
  <testcase classname="Scenario: Purchase Order Creator should be able to create PO" name="And user sets Billable to &quot;Yes&quot;" time="0"/>
  <testcase classname="Scenario: Purchase Order Creator should be able to create PO" name="And user sets Customer to &quot;Bill&apos;s Windsurf Shop&quot;" time="0"/>
  <testcase classname="Scenario: Purchase Order Creator should be able to create PO" name="And user sets Total to &quot;34.5&quot;" time="0.001"/>
  <testcase classname="Scenario: Purchase Order Creator should be able to create PO" name="And user selects save" time="0"/>
  <testcase classname="Scenario: Purchase Order Creator should be able to create PO" name="Then purchase order should be created" time="0"/>
  <testcase classname="Scenario: Purchase Order Creator should be able to create PO" name="And image buttons should appear" time="0"/>
  <testcase classname="Scenario: Purchase Order Creator should be able to create PO" name="Scenario: Purchase Order Creator should be able to create PO" time="0.763"/>
</testsuite>